<?xml version="1.0" encoding="UTF-8"?>
<!-- Generated by org.testng.reporters.JUnitReportReporter -->
<testsuite hostname="LAPTOP-UICENVRK" failures="0" tests="1" name="runner.TestRunner" time="21.205" errors="0" timestamp="03 Jul 2024 10:05:13 GMT" skipped="0">
  <testcase classname="runner.TestRunner" name="runScenario" time="21.205"/>
</testsuite> <!-- runner.TestRunner -->
